<?xml version="1.0" encoding="UTF-8"?>
<!-- Generated by org.testng.reporters.JUnitReportReporter -->
<testsuite hostname="SalmanS" failures="0" tests="1" name="MainClass.Demo" time="0.004" errors="0" timestamp="2022-03-04T14:46:26 IST" skipped="0">
  <testcase classname="MainClass.Demo" name="f" time="0.004"/>
  <system-out/>
</testsuite> <!-- MainClass.Demo -->
