<?xml version="1.0" encoding="UTF-8"?>
<!-- Generated by org.testng.reporters.JUnitReportReporter -->
<testsuite hostname="SalmanS" failures="0" tests="10" name="MainClass.ResidentRegrationTest" time="295.954" errors="0" timestamp="2022-03-16T17:36:12 IST" skipped="0">
  <testcase classname="MainClass.ResidentRegrationTest" name="CompanyInformation_Test" time="49.973"/>
  <system-out/>
  <testcase classname="MainClass.ResidentRegrationTest" name="onboarding_Test" time="8.097"/>
  <system-out/>
  <testcase classname="MainClass.ResidentRegrationTest" name="onboardinginformation_Test" time="8.072"/>
  <system-out/>
  <testcase classname="MainClass.ResidentRegrationTest" name="invoice_Test" time="8.065"/>
  <system-out/>
  <testcase classname="MainClass.ResidentRegrationTest" name="change_Test" time="12.227"/>
  <system-out/>
  <testcase classname="MainClass.ResidentRegrationTest" name="Dashboard_Test" time="22.610"/>
  <system-out/>
  <testcase classname="MainClass.ResidentRegrationTest" name="sitemembers_Test" time="91.480"/>
  <system-out/>
  <testcase classname="MainClass.ResidentRegrationTest" name="ResidentStaff_Test" time="29.345"/>
  <system-out/>
  <testcase classname="MainClass.ResidentRegrationTest" name="sitecompanies_Test" time="12.174"/>
  <system-out/>
  <testcase classname="MainClass.ResidentRegrationTest" name="LearnMore_Test" time="53.911"/>
  <system-out/>
</testsuite> <!-- MainClass.ResidentRegrationTest -->
