<?xml version="1.0" encoding="UTF-8"?>
<!-- Generated by org.testng.reporters.JUnitReportReporter -->
<testsuite hostname="SalmanS" failures="0" tests="11" name="MainClass.RegrationTest" time="144.220" errors="0" timestamp="2022-03-09T11:19:13 IST" skipped="0">
  <testcase classname="MainClass.RegrationTest" name="biolabBysite" time="67.821"/>
  <system-out>
    <![CDATA[BL_TC_02]]>
  </system-out>
  <testcase classname="MainClass.RegrationTest" name="bioLabs_global_network" time="5.068"/>
  <system-out>
    <![CDATA[BL_TC_02]]>
  </system-out>
  <testcase classname="MainClass.RegrationTest" name="titleVisibility" time="5.246"/>
  <system-out>
    <![CDATA[BL_TC_01]]>
  </system-out>
  <testcase classname="MainClass.RegrationTest" name="mapvisibility" time="5.043"/>
  <system-out>
    <![CDATA[BL_TC_03]]>
  </system-out>
  <testcase classname="MainClass.RegrationTest" name="locationTab" time="10.404"/>
  <system-out>
    <![CDATA[BL_TC_07]]>
  </system-out>
  <testcase classname="MainClass.RegrationTest" name="companyGrowth" time="12.977"/>
  <system-out/>
  <testcase classname="MainClass.RegrationTest" name="sponsorsearchTest" time="7.234"/>
  <system-out/>
  <testcase classname="MainClass.RegrationTest" name="Search" time="14.842"/>
  <system-out/>
  <testcase classname="MainClass.RegrationTest" name="visibilityTest" time="6.111"/>
  <system-out/>
  <testcase classname="MainClass.RegrationTest" name="companyprofileTest" time="4.145"/>
  <system-out/>
  <testcase classname="MainClass.RegrationTest" name="verifyCompanyGrowthTest" time="5.329"/>
  <system-out/>
</testsuite> <!-- MainClass.RegrationTest -->
