<?xml version="1.0" encoding="UTF-8"?>
<!-- Generated by org.testng.reporters.JUnitReportReporter -->
<testsuite hostname="SalmanS" failures="0" tests="34" name="MainClass.SiteRegressionTest" time="0.001" errors="1" timestamp="2022-04-26T15:25:44 IST" skipped="33">
  <testcase classname="MainClass.SiteRegressionTest" name="beforeTest" time="0.001">
    <error message="Unresolved compilation problem: 
	Unhandled exception type Exception
" type="java.lang.Error">
      <![CDATA[java.lang.Error: Unresolved compilation problem: 
Unhandled exception type Exception

at MainClass.SiteRegressionTest.beforeTest(SiteRegressionTest.java:59)
at java.base/jdk.internal.reflect.NativeMethodAccessorImpl.invoke0(Native Method)
at java.base/jdk.internal.reflect.NativeMethodAccessorImpl.invoke(NativeMethodAccessorImpl.java:78)
at java.base/jdk.internal.reflect.DelegatingMethodAccessorImpl.invoke(DelegatingMethodAccessorImpl.java:43)
at java.base/java.lang.reflect.Method.invoke(Method.java:567)
at org.testng.internal.MethodInvocationHelper.invokeMethod(MethodInvocationHelper.java:133)
at org.testng.internal.MethodInvocationHelper.invokeMethodConsideringTimeout(MethodInvocationHelper.java:62)
at org.testng.internal.ConfigInvoker.invokeConfigurationMethod(ConfigInvoker.java:385)
at org.testng.internal.ConfigInvoker.invokeConfigurations(ConfigInvoker.java:321)
at org.testng.TestRunner.invokeTestConfigurations(TestRunner.java:637)
at org.testng.TestRunner.beforeRun(TestRunner.java:627)
at org.testng.TestRunner.run(TestRunner.java:589)
at org.testng.SuiteRunner.runTest(SuiteRunner.java:377)
at org.testng.SuiteRunner.runSequentially(SuiteRunner.java:371)
at org.testng.SuiteRunner.privateRun(SuiteRunner.java:332)
at org.testng.SuiteRunner.run(SuiteRunner.java:276)
at org.testng.SuiteRunnerWorker.runSuite(SuiteRunnerWorker.java:53)
at org.testng.SuiteRunnerWorker.run(SuiteRunnerWorker.java:96)
at org.testng.TestNG.runSuitesSequentially(TestNG.java:1212)
at org.testng.TestNG.runSuitesSequentially(TestNG.java:1207)
at org.testng.TestNG.runSuitesLocally(TestNG.java:1134)
at org.testng.TestNG.runSuites(TestNG.java:1063)
at org.testng.TestNG.run(TestNG.java:1031)
at org.testng.remote.AbstractRemoteTestNG.run(AbstractRemoteTestNG.java:115)
at org.testng.remote.RemoteTestNG.initAndRun(RemoteTestNG.java:251)
at org.testng.remote.RemoteTestNG.main(RemoteTestNG.java:77)
]]>
    </error>
  </testcase> <!-- beforeTest -->
  <system-out/>
  <testcase classname="MainClass.SiteRegressionTest" name="Configuration_Test" time="0.000">
    <skipped/>
  </testcase> <!-- Configuration_Test -->
  <system-out/>
  <testcase classname="MainClass.SiteRegressionTest" name="Site_Configuration_Test" time="0.000">
    <skipped/>
  </testcase> <!-- Site_Configuration_Test -->
  <system-out/>
  <testcase classname="MainClass.SiteRegressionTest" name="validateSiteAdminApplications_Test" time="0.000">
    <skipped/>
  </testcase> <!-- validateSiteAdminApplications_Test -->
  <system-out/>
  <testcase classname="MainClass.SiteRegressionTest" name="SortByColumn_Test" time="0.000">
    <skipped/>
  </testcase> <!-- SortByColumn_Test -->
  <system-out/>
  <testcase classname="MainClass.SiteRegressionTest" name="defaultsite_and_selectedsite_Test" time="0.000">
    <skipped/>
  </testcase> <!-- defaultsite_and_selectedsite_Test -->
  <system-out/>
  <testcase classname="MainClass.SiteRegressionTest" name="Cpompany_table_view_Test" time="0.000">
    <skipped/>
  </testcase> <!-- Cpompany_table_view_Test -->
  <system-out/>
  <testcase classname="MainClass.SiteRegressionTest" name="Tile_View_Test" time="0.000">
    <skipped/>
  </testcase> <!-- Tile_View_Test -->
  <system-out/>
  <testcase classname="MainClass.SiteRegressionTest" name="Sort_By_Column_Test" time="0.000">
    <skipped/>
  </testcase> <!-- Sort_By_Column_Test -->
  <system-out/>
  <testcase classname="MainClass.SiteRegressionTest" name="filterCompanys_Test" time="0.000">
    <skipped/>
  </testcase> <!-- filterCompanys_Test -->
  <system-out/>
  <testcase classname="MainClass.SiteRegressionTest" name="Onbording_Test" time="0.000">
    <skipped/>
  </testcase> <!-- Onbording_Test -->
  <system-out/>
  <testcase classname="MainClass.SiteRegressionTest" name="Resident_Table_View_onboarding_offboarding_Test" time="0.000">
    <skipped/>
  </testcase> <!-- Resident_Table_View_onboarding_offboarding_Test -->
  <system-out/>
  <testcase classname="MainClass.SiteRegressionTest" name="Add_edit_Delete_Test" time="0.000">
    <skipped/>
  </testcase> <!-- Add_edit_Delete_Test -->
  <system-out/>
  <testcase classname="MainClass.SiteRegressionTest" name="Add_Edit_Delete_Resident_Admin_Test" time="0.000">
    <skipped/>
  </testcase> <!-- Add_Edit_Delete_Resident_Admin_Test -->
  <system-out/>
  <testcase classname="MainClass.SiteRegressionTest" name="Add_Edit_Delete_Resident_User_Test" time="0.000">
    <skipped/>
  </testcase> <!-- Add_Edit_Delete_Resident_User_Test -->
  <system-out/>
  <testcase classname="MainClass.SiteRegressionTest" name="Site_accesible_Test" time="0.000">
    <skipped/>
  </testcase> <!-- Site_accesible_Test -->
  <system-out/>
  <testcase classname="MainClass.SiteRegressionTest" name="ReadWriteaccess_Test" time="0.000">
    <skipped/>
  </testcase> <!-- ReadWriteaccess_Test -->
  <system-out/>
  <testcase classname="MainClass.SiteRegressionTest" name="menubaritems_Test" time="0.000">
    <skipped/>
  </testcase> <!-- menubaritems_Test -->
  <system-out/>
  <testcase classname="MainClass.SiteRegressionTest" name="Update_all_status_Test" time="0.000">
    <skipped/>
  </testcase> <!-- Update_all_status_Test -->
  <system-out/>
  <testcase classname="MainClass.SiteRegressionTest" name="Forword_Application_Test" time="0.000">
    <skipped/>
  </testcase> <!-- Forword_Application_Test -->
  <system-out/>
  <testcase classname="MainClass.SiteRegressionTest" name="VISIT_WEBSITE_Test" time="0.000">
    <skipped/>
  </testcase> <!-- VISIT_WEBSITE_Test -->
  <system-out/>
  <testcase classname="MainClass.SiteRegressionTest" name="Onboarding_Information_tab_Test" time="0.000">
    <skipped/>
  </testcase> <!-- Onboarding_Information_tab_Test -->
  <system-out/>
  <testcase classname="MainClass.SiteRegressionTest" name="Company_Growth_Test" time="0.000">
    <skipped/>
  </testcase> <!-- Company_Growth_Test -->
  <system-out/>
  <testcase classname="MainClass.SiteRegressionTest" name="Invoicing_Test" time="0.000">
    <skipped/>
  </testcase> <!-- Invoicing_Test -->
  <system-out/>
  <testcase classname="MainClass.SiteRegressionTest" name="Retainer_Paid_Date_Test" time="0.000">
    <skipped/>
  </testcase> <!-- Retainer_Paid_Date_Test -->
  <system-out/>
  <testcase classname="MainClass.SiteRegressionTest" name="Change_Request_Test" time="0.000">
    <skipped/>
  </testcase> <!-- Change_Request_Test -->
  <system-out/>
  <testcase classname="MainClass.SiteRegressionTest" name="name_Test" time="0.000">
    <skipped/>
  </testcase> <!-- name_Test -->
  <system-out/>
  <testcase classname="MainClass.SiteRegressionTest" name="invoicing_Waitlist_Test" time="0.000">
    <skipped/>
  </testcase> <!-- invoicing_Waitlist_Test -->
  <system-out/>
  <testcase classname="MainClass.SiteRegressionTest" name="Waitlist_Test" time="0.000">
    <skipped/>
  </testcase> <!-- Waitlist_Test -->
  <system-out/>
  <testcase classname="MainClass.SiteRegressionTest" name="Events_and_Training_Test" time="0.000">
    <skipped/>
  </testcase> <!-- Events_and_Training_Test -->
  <system-out/>
  <testcase classname="MainClass.SiteRegressionTest" name="Onboarding" time="0.000">
    <skipped/>
  </testcase> <!-- Onboarding -->
  <system-out/>
  <testcase classname="MainClass.SiteRegressionTest" name="Offboarding_Test" time="0.000">
    <skipped/>
  </testcase> <!-- Offboarding_Test -->
  <system-out/>
  <testcase classname="MainClass.SiteRegressionTest" name="Partners_and_Sponsors_Test" time="0.000">
    <skipped/>
  </testcase> <!-- Partners_and_Sponsors_Test -->
  <system-out/>
  <testcase classname="MainClass.SiteRegressionTest" name="Profile_Test" time="0.000">
    <skipped/>
  </testcase> <!-- Profile_Test -->
  <system-out/>
</testsuite> <!-- MainClass.SiteRegressionTest -->
