<?xml version="1.0" encoding="UTF-8"?>
<!-- Generated by org.testng.reporters.JUnitReportReporter -->
<testsuite hostname="SalmanS" failures="0" tests="13" name="MainClass.SponsorRegressionTest" time="122.051" errors="0" timestamp="2022-04-26T15:25:44 IST" skipped="0">
  <testcase classname="MainClass.SponsorRegressionTest" name="recentJoinTest" time="45.895"/>
  <system-out/>
  <testcase classname="MainClass.SponsorRegressionTest" name="titleVisibilityTest" time="5.274"/>
  <system-out/>
  <testcase classname="MainClass.SponsorRegressionTest" name="BioLabs_Global_NetworkTest" time="5.066"/>
  <system-out/>
  <testcase classname="MainClass.SponsorRegressionTest" name="visibilityMapTest" time="5.039"/>
  <system-out/>
  <testcase classname="MainClass.SponsorRegressionTest" name="sponsorsrchpagTest" time="5.339"/>
  <system-out/>
  <testcase classname="MainClass.SponsorRegressionTest" name="LocationSelectionTest" time="6.220"/>
  <system-out/>
  <testcase classname="MainClass.SponsorRegressionTest" name="searchpageTest" time="10.213"/>
  <system-out/>
  <testcase classname="MainClass.SponsorRegressionTest" name="CheckChangesRefreshTest" time="8.255"/>
  <system-out/>
  <testcase classname="MainClass.SponsorRegressionTest" name="searchTest" time="20.150"/>
  <system-out/>
  <testcase classname="MainClass.SponsorRegressionTest" name="visiblityTest" time="4.124"/>
  <system-out>
    <![CDATA[BL_TC_12_Sponsor]]>
  </system-out>
  <testcase classname="MainClass.SponsorRegressionTest" name="All_SummaryTest" time="1.055"/>
  <system-out/>
  <testcase classname="MainClass.SponsorRegressionTest" name="companyProfileTest" time="1.063"/>
  <system-out/>
  <testcase classname="MainClass.SponsorRegressionTest" name="verifyCompanyGrowthTest" time="4.358"/>
  <system-out/>
</testsuite> <!-- MainClass.SponsorRegressionTest -->
