<?xml version="1.0" encoding="UTF-8"?>
<!-- Generated by org.testng.reporters.JUnitReportReporter -->
<testsuite hostname="SalmanS" failures="0" tests="11" name="MainClass.SponsorRegressionTest" time="141.275" errors="0" timestamp="2022-03-21T14:26:24 IST" skipped="0">
  <testcase classname="MainClass.SponsorRegressionTest" name="biolabBysite" time="66.808"/>
  <system-out>
    <![CDATA[BL_TC_02]]>
  </system-out>
  <testcase classname="MainClass.SponsorRegressionTest" name="bioLabs_global_network" time="5.044"/>
  <system-out>
    <![CDATA[BL_TC_02]]>
  </system-out>
  <testcase classname="MainClass.SponsorRegressionTest" name="titleVisibility" time="5.234"/>
  <system-out>
    <![CDATA[BL_TC_01]]>
  </system-out>
  <testcase classname="MainClass.SponsorRegressionTest" name="mapvisibility" time="5.055"/>
  <system-out>
    <![CDATA[BL_TC_03]]>
  </system-out>
  <testcase classname="MainClass.SponsorRegressionTest" name="locationTab" time="10.391"/>
  <system-out>
    <![CDATA[BL_TC_07]]>
  </system-out>
  <testcase classname="MainClass.SponsorRegressionTest" name="companyGrowth" time="12.554"/>
  <system-out/>
  <testcase classname="MainClass.SponsorRegressionTest" name="sponsorsearchTest" time="7.244"/>
  <system-out/>
  <testcase classname="MainClass.SponsorRegressionTest" name="Search" time="14.801"/>
  <system-out/>
  <testcase classname="MainClass.SponsorRegressionTest" name="visibilityTest" time="0.648"/>
  <system-out/>
  <testcase classname="MainClass.SponsorRegressionTest" name="companyprofileTest" time="4.140"/>
  <system-out/>
  <testcase classname="MainClass.SponsorRegressionTest" name="verifyCompanyGrowthTest" time="9.356"/>
  <system-out/>
</testsuite> <!-- MainClass.SponsorRegressionTest -->
