<?xml version="1.0" encoding="UTF-8"?>
<!-- Generated by org.testng.reporters.JUnitReportReporter -->
<testsuite hostname="SalmanS" failures="0" tests="11" name="MainClass.SponsorRegrationTest" time="144.958" errors="0" timestamp="2022-03-16T18:29:54 IST" skipped="0">
  <testcase classname="MainClass.SponsorRegrationTest" name="biolabBysite" time="68.557"/>
  <system-out>
    <![CDATA[BL_TC_02]]>
  </system-out>
  <testcase classname="MainClass.SponsorRegrationTest" name="bioLabs_global_network" time="5.069"/>
  <system-out>
    <![CDATA[BL_TC_02]]>
  </system-out>
  <testcase classname="MainClass.SponsorRegrationTest" name="titleVisibility" time="5.209"/>
  <system-out>
    <![CDATA[BL_TC_01]]>
  </system-out>
  <testcase classname="MainClass.SponsorRegrationTest" name="mapvisibility" time="5.039"/>
  <system-out>
    <![CDATA[BL_TC_03]]>
  </system-out>
  <testcase classname="MainClass.SponsorRegrationTest" name="locationTab" time="10.349"/>
  <system-out>
    <![CDATA[BL_TC_07]]>
  </system-out>
  <testcase classname="MainClass.SponsorRegrationTest" name="companyGrowth" time="12.642"/>
  <system-out/>
  <testcase classname="MainClass.SponsorRegrationTest" name="sponsorsearchTest" time="7.229"/>
  <system-out/>
  <testcase classname="MainClass.SponsorRegrationTest" name="Search" time="14.803"/>
  <system-out/>
  <testcase classname="MainClass.SponsorRegrationTest" name="visibilityTest" time="2.474"/>
  <system-out/>
  <testcase classname="MainClass.SponsorRegrationTest" name="companyprofileTest" time="4.135"/>
  <system-out/>
  <testcase classname="MainClass.SponsorRegrationTest" name="verifyCompanyGrowthTest" time="9.452"/>
  <system-out/>
</testsuite> <!-- MainClass.SponsorRegrationTest -->
