<?xml version="1.0" encoding="UTF-8"?>
<!-- Generated by org.testng.reporters.JUnitReportReporter -->
<testsuite hostname="SalmanS" failures="0" tests="12" name="MainClass.ResidentAdminRegressionTest" time="365.982" errors="0" timestamp="2022-04-26T15:25:44 IST" skipped="0">
  <testcase classname="MainClass.ResidentAdminRegressionTest" name="Resdident_dashboard_Test" time="54.329"/>
  <system-out/>
  <testcase classname="MainClass.ResidentAdminRegressionTest" name="site_members_Test" time="8.159"/>
  <system-out/>
  <testcase classname="MainClass.ResidentAdminRegressionTest" name="ResidentStaff_Test" time="8.107"/>
  <system-out/>
  <testcase classname="MainClass.ResidentAdminRegressionTest" name="sitecompanies_Test" time="8.119"/>
  <system-out/>
  <testcase classname="MainClass.ResidentAdminRegressionTest" name="CompanyInformation_Test" time="96.312"/>
  <system-out/>
  <testcase classname="MainClass.ResidentAdminRegressionTest" name="SponsorProfile_Test" time="6.299"/>
  <system-out/>
  <testcase classname="MainClass.ResidentAdminRegressionTest" name="company_profile_Test" time="10.265"/>
  <system-out/>
  <testcase classname="MainClass.ResidentAdminRegressionTest" name="onboarding_Test" time="34.527"/>
  <system-out/>
  <testcase classname="MainClass.ResidentAdminRegressionTest" name="invoice_Test" time="12.284"/>
  <system-out/>
  <testcase classname="MainClass.ResidentAdminRegressionTest" name="change_Test" time="52.717"/>
  <system-out/>
  <testcase classname="MainClass.ResidentAdminRegressionTest" name="profile_" time="23.075"/>
  <system-out/>
  <testcase classname="MainClass.ResidentAdminRegressionTest" name="onboardinginformation_Test" time="51.789"/>
  <system-out/>
</testsuite> <!-- MainClass.ResidentAdminRegressionTest -->
