<?xml version="1.0" encoding="UTF-8"?>
<!-- Generated by org.testng.reporters.JUnitReportReporter -->
<testsuite hostname="SalmanS" failures="0" tests="11" name="MainClass.ResidentUserRegressionTest" time="182.750" errors="0" timestamp="2022-04-26T15:25:44 IST" skipped="0">
  <testcase classname="MainClass.ResidentUserRegressionTest" name="dashboard_Test" time="28.698"/>
  <system-out/>
  <testcase classname="MainClass.ResidentUserRegressionTest" name="site_members_Test" time="16.284"/>
  <system-out/>
  <testcase classname="MainClass.ResidentUserRegressionTest" name="sitestaff_Test" time="8.149"/>
  <system-out/>
  <testcase classname="MainClass.ResidentUserRegressionTest" name="sitecompanies_Test" time="8.162"/>
  <system-out/>
  <testcase classname="MainClass.ResidentUserRegressionTest" name="CompanyInformation_Test" time="9.162"/>
  <system-out/>
  <testcase classname="MainClass.ResidentUserRegressionTest" name="SponsorProfile_Test" time="33.992"/>
  <system-out/>
  <testcase classname="MainClass.ResidentUserRegressionTest" name="Company_Profile_Test" time="31.496"/>
  <system-out/>
  <testcase classname="MainClass.ResidentUserRegressionTest" name="invoice_Test" time="12.280"/>
  <system-out/>
  <testcase classname="MainClass.ResidentUserRegressionTest" name="change_Test" time="4.148"/>
  <system-out/>
  <testcase classname="MainClass.ResidentUserRegressionTest" name="profile_Test" time="23.089"/>
  <system-out/>
  <testcase classname="MainClass.ResidentUserRegressionTest" name="companydata_Test" time="7.290"/>
  <system-out/>
</testsuite> <!-- MainClass.ResidentUserRegressionTest -->
