<?xml version="1.0" encoding="UTF-8"?>
<!-- Generated by org.testng.reporters.JUnitReportReporter -->
<testsuite hostname="SalmanS" failures="0" tests="1" name="MainClass.SponsorRegressionTest1" time="44.071" errors="0" timestamp="2022-03-21T14:26:24 IST" skipped="0">
  <testcase classname="MainClass.SponsorRegressionTest1" name="recentJoin_Test" time="44.071"/>
  <system-out/>
</testsuite> <!-- MainClass.SponsorRegressionTest1 -->
