<?xml version="1.0" encoding="UTF-8"?>
<!-- Generated by org.testng.reporters.JUnitReportReporter -->
<testsuite hostname="SalmanS" failures="0" tests="2" name="MainClass.NewTest" time="75.401" errors="0" timestamp="2022-03-04T13:19:57 IST" skipped="0">
  <testcase classname="MainClass.NewTest" name="biolabBysite" time="70.333"/>
  <system-out>
    <![CDATA[inside Biolab site]]>
  </system-out>
  <testcase classname="MainClass.NewTest" name="bioLabs_global_network" time="5.068"/>
  <system-out/>
</testsuite> <!-- MainClass.NewTest -->
