<?xml version="1.0" encoding="UTF-8"?>
<!-- Generated by org.testng.reporters.JUnitReportReporter -->
<testsuite hostname="SalmanS" failures="0" tests="10" name="MainClass.ResidentRegressionTest" time="300.041" errors="0" timestamp="2022-03-21T14:26:24 IST" skipped="0">
  <testcase classname="MainClass.ResidentRegressionTest" name="CompanyInformation_Test" time="50.780"/>
  <system-out/>
  <testcase classname="MainClass.ResidentRegressionTest" name="onboarding_Test" time="8.150"/>
  <system-out/>
  <testcase classname="MainClass.ResidentRegressionTest" name="onboardinginformation_Test" time="8.118"/>
  <system-out/>
  <testcase classname="MainClass.ResidentRegressionTest" name="invoice_Test" time="8.114"/>
  <system-out/>
  <testcase classname="MainClass.ResidentRegressionTest" name="change_Test" time="12.259"/>
  <system-out/>
  <testcase classname="MainClass.ResidentRegressionTest" name="Dashboard_Test" time="23.018"/>
  <system-out/>
  <testcase classname="MainClass.ResidentRegressionTest" name="sitemembers_Test" time="92.833"/>
  <system-out/>
  <testcase classname="MainClass.ResidentRegressionTest" name="ResidentStaff_Test" time="29.611"/>
  <system-out/>
  <testcase classname="MainClass.ResidentRegressionTest" name="sitecompanies_Test" time="12.219"/>
  <system-out/>
  <testcase classname="MainClass.ResidentRegressionTest" name="LearnMore_Test" time="54.939"/>
  <system-out/>
</testsuite> <!-- MainClass.ResidentRegressionTest -->
