<?xml version="1.0" encoding="UTF-8"?>
<!-- Generated by org.testng.reporters.JUnitReportReporter -->
<testsuite hostname="SalmanS" failures="0" tests="13" name="MainClass.SiteRegressionTest" time="312.850" errors="0" timestamp="2022-03-21T14:26:24 IST" skipped="0">
  <testcase classname="MainClass.SiteRegressionTest" name="validateSiteAdminApplications_Test" time="19.280"/>
  <system-out/>
  <testcase classname="MainClass.SiteRegressionTest" name="filterCompanys" time="9.881"/>
  <system-out/>
  <testcase classname="MainClass.SiteRegressionTest" name="defaultsite_and_selectedsite" time="25.545"/>
  <system-out/>
  <testcase classname="MainClass.SiteRegressionTest" name="Add_edit_Delete_Test" time="36.655"/>
  <system-out/>
  <testcase classname="MainClass.SiteRegressionTest" name="Add_Edit_Delete_Resident_Admin_Test" time="37.657"/>
  <system-out/>
  <testcase classname="MainClass.SiteRegressionTest" name="menubaritems_Test" time="14.472"/>
  <system-out/>
  <testcase classname="MainClass.SiteRegressionTest" name="VISIT_WEBSITE_Test" time="19.996"/>
  <system-out/>
  <testcase classname="MainClass.SiteRegressionTest" name="Onboarding_Information_tab_Test" time="27.864"/>
  <system-out/>
  <testcase classname="MainClass.SiteRegressionTest" name="Company_Growth_Test" time="7.916"/>
  <system-out/>
  <testcase classname="MainClass.SiteRegressionTest" name="Invoicing_Test" time="45.601"/>
  <system-out/>
  <testcase classname="MainClass.SiteRegressionTest" name="Configuration_Test" time="37.792"/>
  <system-out/>
  <testcase classname="MainClass.SiteRegressionTest" name="invoicing_Waitlist_Test" time="11.438"/>
  <system-out/>
  <testcase classname="MainClass.SiteRegressionTest" name="Profile_Test" time="18.753"/>
  <system-out/>
</testsuite> <!-- MainClass.SiteRegressionTest -->
